[    1522ms] [ERROR] Failed to load resource: the server responded with a status of 500 (Internal Server Error) @ http://127.0.0.1:3000/my:0
[    1749ms] [INFO] %cDownload the React DevTools for a better development experience: https://react.dev/link/react-devtools font-weight:bold @ webpack-internal:///(pages-dir-browser)/./node_modules/react-dom/cjs/react-dom-client.development.js:24871
[    1821ms] Error: Cannot find module './vendor-chunks/next.js'
Require stack:
- /Users/macbook/Desktop/lajoo-ai-code-1478/lajooweb/.next-dev/server/webpack-runtime.js
- /Users/macbook/Desktop/lajoo-ai-code-1478/lajooweb/.next-dev/server/app/[country]/page.js
- /Users/macbook/Desktop/lajoo-ai-code-1478/lajooweb/node_modules/next/dist/server/require.js
- /Users/macbook/Desktop/lajoo-ai-code-1478/lajooweb/node_modules/next/dist/server/load-components.js
- /Users/macbook/Desktop/lajoo-ai-code-1478/lajooweb/node_modules/next/dist/build/utils.js
- /Users/macbook/Desktop/lajoo-ai-code-1478/lajooweb/node_modules/next/dist/server/dev/static-paths-worker.js
- /Users/macbook/Desktop/lajoo-ai-code-1478/lajooweb/node_modules/next/dist/compiled/jest-worker/processChild.js
    at Function.<anonymous> (node:internal/modules/cjs/loader:1383:15)
    at <unknown> (file:///Users/macbook/Desktop/lajoo-ai-code-1478/lajooweb/node_modules/next/dist/server/require-hook.js:57:36)
    at defaultResolveImpl (node:internal/modules/cjs/loader:1025:19)
    at resolveForCJSWithHooks (node:internal/modules/cjs/loader:1030:22)
    at Function._load (node:internal/modules/cjs/loader:1192:37)
    at TracingChannel.traceSync (node:diagnostics_channel:322:14)
    at wrapModuleLoad (node:internal/modules/cjs/loader:237:24)
    at Module.<anonymous> (node:internal/modules/cjs/loader:1463:12)
    at mod.require (file:///Users/macbook/Desktop/lajoo-ai-code-1478/lajooweb/node_modules/next/dist/server/require-hook.js:68:28)
    at require (node:internal/modules/helpers:147:16)
[    1819ms] [LOG] [HMR] connected @ webpack-internal:///(pages-dir-browser)/./node_modules/next/dist/client/dev/hot-reloader/pages/websocket.js:45
[  365437ms] [INFO] %cDownload the React DevTools for a better development experience: https://react.dev/link/react-devtools font-weight:bold @ webpack-internal:///(app-pages-browser)/./node_modules/next/dist/compiled/react-dom/cjs/react-dom-client.development.js:25630
[  365579ms] [WARNING] Image with src "/icons/car-insurance.png" is using quality "100" which is not configured in images.qualities. This config will be required starting in Next.js 16.
Read more: https://nextjs.org/docs/messages/next-image-unconfigured-qualities @ webpack-internal:///(app-pages-browser)/./node_modules/next/dist/shared/lib/utils/warn-once.js:15
[  365579ms] [WARNING] Image with src "/icons/motor-insurance.png" is using quality "100" which is not configured in images.qualities. This config will be required starting in Next.js 16.
Read more: https://nextjs.org/docs/messages/next-image-unconfigured-qualities @ webpack-internal:///(app-pages-browser)/./node_modules/next/dist/shared/lib/utils/warn-once.js:15
